C:\USERS\JO MINHYUK\DOCUMENTS\VISUAL STUDIO 2010\PROJECTS\FACTORYPATTERN\DEBUG\FACTORYPATTERN.EXE
C:\USERS\JO MINHYUK\DOCUMENTS\VISUAL STUDIO 2010\PROJECTS\FACTORYPATTERN\DEBUG\FACTORYPATTERN.ILK
C:\USERS\JO MINHYUK\DOCUMENTS\VISUAL STUDIO 2010\PROJECTS\FACTORYPATTERN\DEBUG\FACTORYPATTERN.PDB
c:\Users\jo minhyuk\documents\visual studio 2010\Projects\FactoryPattern\FactoryPattern\Debug\cl.command.1.tlog
c:\Users\jo minhyuk\documents\visual studio 2010\Projects\FactoryPattern\FactoryPattern\Debug\CL.read.1.tlog
c:\Users\jo minhyuk\documents\visual studio 2010\Projects\FactoryPattern\FactoryPattern\Debug\CL.write.1.tlog
C:\USERS\JO MINHYUK\DOCUMENTS\VISUAL STUDIO 2010\PROJECTS\FACTORYPATTERN\FACTORYPATTERN\DEBUG\FACTORYPATTERN.EXE.EMBED.MANIFEST
C:\USERS\JO MINHYUK\DOCUMENTS\VISUAL STUDIO 2010\PROJECTS\FACTORYPATTERN\FACTORYPATTERN\DEBUG\FACTORYPATTERN.EXE.EMBED.MANIFEST.RES
C:\USERS\JO MINHYUK\DOCUMENTS\VISUAL STUDIO 2010\PROJECTS\FACTORYPATTERN\FACTORYPATTERN\DEBUG\FACTORYPATTERN.EXE.INTERMEDIATE.MANIFEST
c:\Users\jo minhyuk\documents\visual studio 2010\Projects\FactoryPattern\FactoryPattern\Debug\FactoryPattern.vcxprojResolveAssemblyReference.cache
c:\Users\jo minhyuk\documents\visual studio 2010\Projects\FactoryPattern\FactoryPattern\Debug\FactoryPattern.write.1.tlog
c:\Users\jo minhyuk\documents\visual studio 2010\Projects\FactoryPattern\FactoryPattern\Debug\FactoryPattern_manifest.rc
c:\Users\jo minhyuk\documents\visual studio 2010\Projects\FactoryPattern\FactoryPattern\Debug\link.2812.read.1.tlog
c:\Users\jo minhyuk\documents\visual studio 2010\Projects\FactoryPattern\FactoryPattern\Debug\link.2812.write.1.tlog
c:\Users\jo minhyuk\documents\visual studio 2010\Projects\FactoryPattern\FactoryPattern\Debug\link.2812-cvtres.read.1.tlog
c:\Users\jo minhyuk\documents\visual studio 2010\Projects\FactoryPattern\FactoryPattern\Debug\link.2812-cvtres.write.1.tlog
c:\Users\jo minhyuk\documents\visual studio 2010\Projects\FactoryPattern\FactoryPattern\Debug\link.2928.read.1.tlog
c:\Users\jo minhyuk\documents\visual studio 2010\Projects\FactoryPattern\FactoryPattern\Debug\link.2928.write.1.tlog
c:\Users\jo minhyuk\documents\visual studio 2010\Projects\FactoryPattern\FactoryPattern\Debug\link.2928-cvtres.read.1.tlog
c:\Users\jo minhyuk\documents\visual studio 2010\Projects\FactoryPattern\FactoryPattern\Debug\link.2928-cvtres.write.1.tlog
c:\Users\jo minhyuk\documents\visual studio 2010\Projects\FactoryPattern\FactoryPattern\Debug\link.3696.read.1.tlog
c:\Users\jo minhyuk\documents\visual studio 2010\Projects\FactoryPattern\FactoryPattern\Debug\link.3696.write.1.tlog
c:\Users\jo minhyuk\documents\visual studio 2010\Projects\FactoryPattern\FactoryPattern\Debug\link.3696-cvtres.read.1.tlog
c:\Users\jo minhyuk\documents\visual studio 2010\Projects\FactoryPattern\FactoryPattern\Debug\link.3696-cvtres.write.1.tlog
c:\Users\jo minhyuk\documents\visual studio 2010\Projects\FactoryPattern\FactoryPattern\Debug\link.command.1.tlog
c:\Users\jo minhyuk\documents\visual studio 2010\Projects\FactoryPattern\FactoryPattern\Debug\link.read.1.tlog
c:\Users\jo minhyuk\documents\visual studio 2010\Projects\FactoryPattern\FactoryPattern\Debug\link.write.1.tlog
c:\Users\jo minhyuk\documents\visual studio 2010\Projects\FactoryPattern\FactoryPattern\Debug\link-cvtres.read.1.tlog
c:\Users\jo minhyuk\documents\visual studio 2010\Projects\FactoryPattern\FactoryPattern\Debug\link-cvtres.write.1.tlog
C:\USERS\JO MINHYUK\DOCUMENTS\VISUAL STUDIO 2010\PROJECTS\FACTORYPATTERN\FACTORYPATTERN\DEBUG\MAIN.OBJ
c:\Users\jo minhyuk\documents\visual studio 2010\Projects\FactoryPattern\FactoryPattern\Debug\mt.command.1.tlog
c:\Users\jo minhyuk\documents\visual studio 2010\Projects\FactoryPattern\FactoryPattern\Debug\mt.read.1.tlog
c:\Users\jo minhyuk\documents\visual studio 2010\Projects\FactoryPattern\FactoryPattern\Debug\mt.write.1.tlog
C:\USERS\JO MINHYUK\DOCUMENTS\VISUAL STUDIO 2010\PROJECTS\FACTORYPATTERN\FACTORYPATTERN\DEBUG\PIZZA.OBJ
C:\USERS\JO MINHYUK\DOCUMENTS\VISUAL STUDIO 2010\PROJECTS\FACTORYPATTERN\FACTORYPATTERN\DEBUG\PIZZASTORE.OBJ
c:\Users\jo minhyuk\documents\visual studio 2010\Projects\FactoryPattern\FactoryPattern\Debug\rc.command.1.tlog
c:\Users\jo minhyuk\documents\visual studio 2010\Projects\FactoryPattern\FactoryPattern\Debug\rc.read.1.tlog
c:\Users\jo minhyuk\documents\visual studio 2010\Projects\FactoryPattern\FactoryPattern\Debug\rc.write.1.tlog
C:\USERS\JO MINHYUK\DOCUMENTS\VISUAL STUDIO 2010\PROJECTS\FACTORYPATTERN\FACTORYPATTERN\DEBUG\SIMPLEPIZZAFACTORY.OBJ
c:\Users\jo minhyuk\documents\visual studio 2010\Projects\FactoryPattern\FactoryPattern\Debug\vc100.idb
C:\USERS\JO MINHYUK\DOCUMENTS\VISUAL STUDIO 2010\PROJECTS\FACTORYPATTERN\FACTORYPATTERN\DEBUG\VC100.PDB
