C:\USERS\JO MINHYUK\DOCUMENTS\VISUAL STUDIO 2010\PROJECTS\FACTORYPATTERN\DEBUG\FACTORYPATTERN.EXE
C:\USERS\JO MINHYUK\DOCUMENTS\VISUAL STUDIO 2010\PROJECTS\FACTORYPATTERN\DEBUG\FACTORYPATTERN.ILK
C:\USERS\JO MINHYUK\DOCUMENTS\VISUAL STUDIO 2010\PROJECTS\FACTORYPATTERN\DEBUG\FACTORYPATTERN.PDB
C:\USERS\JO MINHYUK\DOCUMENTS\VISUAL STUDIO 2010\PROJECTS\FACTORYPATTERN\DEBUG\SIMPLEFACTORY.EXE
C:\USERS\JO MINHYUK\DOCUMENTS\VISUAL STUDIO 2010\PROJECTS\FACTORYPATTERN\DEBUG\SIMPLEFACTORY.ILK
C:\USERS\JO MINHYUK\DOCUMENTS\VISUAL STUDIO 2010\PROJECTS\FACTORYPATTERN\DEBUG\SIMPLEFACTORY.PDB
C:\Users\Jo Minhyuk\Documents\Visual Studio 2010\Projects\FactoryPattern\FactoryPattern\Debug\cl.command.1.tlog
C:\Users\Jo Minhyuk\Documents\Visual Studio 2010\Projects\FactoryPattern\FactoryPattern\Debug\CL.read.1.tlog
C:\Users\Jo Minhyuk\Documents\Visual Studio 2010\Projects\FactoryPattern\FactoryPattern\Debug\CL.write.1.tlog
C:\USERS\JO MINHYUK\DOCUMENTS\VISUAL STUDIO 2010\PROJECTS\FACTORYPATTERN\FACTORYPATTERN\DEBUG\FACTORYPATTERN.EXE.EMBED.MANIFEST
C:\USERS\JO MINHYUK\DOCUMENTS\VISUAL STUDIO 2010\PROJECTS\FACTORYPATTERN\FACTORYPATTERN\DEBUG\FACTORYPATTERN.EXE.EMBED.MANIFEST.RES
C:\USERS\JO MINHYUK\DOCUMENTS\VISUAL STUDIO 2010\PROJECTS\FACTORYPATTERN\FACTORYPATTERN\DEBUG\FACTORYPATTERN.EXE.INTERMEDIATE.MANIFEST
C:\Users\Jo Minhyuk\Documents\Visual Studio 2010\Projects\FactoryPattern\FactoryPattern\Debug\FactoryPattern.write.1.tlog
C:\Users\Jo Minhyuk\Documents\Visual Studio 2010\Projects\FactoryPattern\FactoryPattern\Debug\FactoryPattern_manifest.rc
C:\Users\Jo Minhyuk\Documents\Visual Studio 2010\Projects\FactoryPattern\FactoryPattern\Debug\link.1676.read.1.tlog
C:\Users\Jo Minhyuk\Documents\Visual Studio 2010\Projects\FactoryPattern\FactoryPattern\Debug\link.1676.write.1.tlog
C:\Users\Jo Minhyuk\Documents\Visual Studio 2010\Projects\FactoryPattern\FactoryPattern\Debug\link.1676-cvtres.read.1.tlog
C:\Users\Jo Minhyuk\Documents\Visual Studio 2010\Projects\FactoryPattern\FactoryPattern\Debug\link.1676-cvtres.write.1.tlog
C:\Users\Jo Minhyuk\Documents\Visual Studio 2010\Projects\FactoryPattern\FactoryPattern\Debug\link.2968.read.1.tlog
C:\Users\Jo Minhyuk\Documents\Visual Studio 2010\Projects\FactoryPattern\FactoryPattern\Debug\link.2968.write.1.tlog
C:\Users\Jo Minhyuk\Documents\Visual Studio 2010\Projects\FactoryPattern\FactoryPattern\Debug\link.2968-cvtres.read.1.tlog
C:\Users\Jo Minhyuk\Documents\Visual Studio 2010\Projects\FactoryPattern\FactoryPattern\Debug\link.2968-cvtres.write.1.tlog
C:\Users\Jo Minhyuk\Documents\Visual Studio 2010\Projects\FactoryPattern\FactoryPattern\Debug\link.3332.read.1.tlog
C:\Users\Jo Minhyuk\Documents\Visual Studio 2010\Projects\FactoryPattern\FactoryPattern\Debug\link.3332.write.1.tlog
C:\Users\Jo Minhyuk\Documents\Visual Studio 2010\Projects\FactoryPattern\FactoryPattern\Debug\link.3332-cvtres.read.1.tlog
C:\Users\Jo Minhyuk\Documents\Visual Studio 2010\Projects\FactoryPattern\FactoryPattern\Debug\link.3332-cvtres.write.1.tlog
C:\Users\Jo Minhyuk\Documents\Visual Studio 2010\Projects\FactoryPattern\FactoryPattern\Debug\link.3780.read.1.tlog
C:\Users\Jo Minhyuk\Documents\Visual Studio 2010\Projects\FactoryPattern\FactoryPattern\Debug\link.3780.write.1.tlog
C:\Users\Jo Minhyuk\Documents\Visual Studio 2010\Projects\FactoryPattern\FactoryPattern\Debug\link.3780-cvtres.read.1.tlog
C:\Users\Jo Minhyuk\Documents\Visual Studio 2010\Projects\FactoryPattern\FactoryPattern\Debug\link.3780-cvtres.write.1.tlog
C:\Users\Jo Minhyuk\Documents\Visual Studio 2010\Projects\FactoryPattern\FactoryPattern\Debug\link.3860.read.1.tlog
C:\Users\Jo Minhyuk\Documents\Visual Studio 2010\Projects\FactoryPattern\FactoryPattern\Debug\link.3860.write.1.tlog
C:\Users\Jo Minhyuk\Documents\Visual Studio 2010\Projects\FactoryPattern\FactoryPattern\Debug\link.3860-cvtres.read.1.tlog
C:\Users\Jo Minhyuk\Documents\Visual Studio 2010\Projects\FactoryPattern\FactoryPattern\Debug\link.3860-cvtres.write.1.tlog
C:\Users\Jo Minhyuk\Documents\Visual Studio 2010\Projects\FactoryPattern\FactoryPattern\Debug\link.4424.read.1.tlog
C:\Users\Jo Minhyuk\Documents\Visual Studio 2010\Projects\FactoryPattern\FactoryPattern\Debug\link.4424.write.1.tlog
C:\Users\Jo Minhyuk\Documents\Visual Studio 2010\Projects\FactoryPattern\FactoryPattern\Debug\link.4424-cvtres.read.1.tlog
C:\Users\Jo Minhyuk\Documents\Visual Studio 2010\Projects\FactoryPattern\FactoryPattern\Debug\link.4424-cvtres.write.1.tlog
C:\Users\Jo Minhyuk\Documents\Visual Studio 2010\Projects\FactoryPattern\FactoryPattern\Debug\link.command.1.tlog
C:\Users\Jo Minhyuk\Documents\Visual Studio 2010\Projects\FactoryPattern\FactoryPattern\Debug\link.read.1.tlog
C:\Users\Jo Minhyuk\Documents\Visual Studio 2010\Projects\FactoryPattern\FactoryPattern\Debug\link.write.1.tlog
C:\Users\Jo Minhyuk\Documents\Visual Studio 2010\Projects\FactoryPattern\FactoryPattern\Debug\link-cvtres.read.1.tlog
C:\Users\Jo Minhyuk\Documents\Visual Studio 2010\Projects\FactoryPattern\FactoryPattern\Debug\link-cvtres.write.1.tlog
C:\USERS\JO MINHYUK\DOCUMENTS\VISUAL STUDIO 2010\PROJECTS\FACTORYPATTERN\FACTORYPATTERN\DEBUG\MAIN.OBJ
C:\Users\Jo Minhyuk\Documents\Visual Studio 2010\Projects\FactoryPattern\FactoryPattern\Debug\mt.command.1.tlog
C:\Users\Jo Minhyuk\Documents\Visual Studio 2010\Projects\FactoryPattern\FactoryPattern\Debug\mt.read.1.tlog
C:\Users\Jo Minhyuk\Documents\Visual Studio 2010\Projects\FactoryPattern\FactoryPattern\Debug\mt.write.1.tlog
C:\USERS\JO MINHYUK\DOCUMENTS\VISUAL STUDIO 2010\PROJECTS\FACTORYPATTERN\FACTORYPATTERN\DEBUG\PIZZA.OBJ
C:\USERS\JO MINHYUK\DOCUMENTS\VISUAL STUDIO 2010\PROJECTS\FACTORYPATTERN\FACTORYPATTERN\DEBUG\PIZZASTORE.OBJ
C:\Users\Jo Minhyuk\Documents\Visual Studio 2010\Projects\FactoryPattern\FactoryPattern\Debug\rc.command.1.tlog
C:\Users\Jo Minhyuk\Documents\Visual Studio 2010\Projects\FactoryPattern\FactoryPattern\Debug\rc.read.1.tlog
C:\Users\Jo Minhyuk\Documents\Visual Studio 2010\Projects\FactoryPattern\FactoryPattern\Debug\rc.write.1.tlog
C:\USERS\JO MINHYUK\DOCUMENTS\VISUAL STUDIO 2010\PROJECTS\FACTORYPATTERN\FACTORYPATTERN\DEBUG\SIMPLEFACTORY.EXE.EMBED.MANIFEST
C:\USERS\JO MINHYUK\DOCUMENTS\VISUAL STUDIO 2010\PROJECTS\FACTORYPATTERN\FACTORYPATTERN\DEBUG\SIMPLEFACTORY.EXE.EMBED.MANIFEST.RES
C:\USERS\JO MINHYUK\DOCUMENTS\VISUAL STUDIO 2010\PROJECTS\FACTORYPATTERN\FACTORYPATTERN\DEBUG\SIMPLEFACTORY.EXE.INTERMEDIATE.MANIFEST
C:\Users\Jo Minhyuk\Documents\Visual Studio 2010\Projects\FactoryPattern\FactoryPattern\Debug\SimpleFactory.write.1.tlog
C:\Users\Jo Minhyuk\Documents\Visual Studio 2010\Projects\FactoryPattern\FactoryPattern\Debug\SimpleFactory_manifest.rc
C:\USERS\JO MINHYUK\DOCUMENTS\VISUAL STUDIO 2010\PROJECTS\FACTORYPATTERN\FACTORYPATTERN\DEBUG\SIMPLEPIZZAFACTORY.OBJ
C:\Users\Jo Minhyuk\Documents\Visual Studio 2010\Projects\FactoryPattern\FactoryPattern\Debug\vc100.idb
C:\USERS\JO MINHYUK\DOCUMENTS\VISUAL STUDIO 2010\PROJECTS\FACTORYPATTERN\FACTORYPATTERN\DEBUG\VC100.PDB
